2026-06-11 12:44:45 [INFO]: session created successfully and navigating to /
2026-06-11 12:44:47 [INFO]: successfully navigated to /
2026-06-11 12:44:47 [INFO]: trying to click element using locator - locator('//*[text()=" Signup / Login"]')
2026-06-11 12:44:48 [INFO]: clicked successfully using locator locator('//*[text()=" Signup / Login"]')
2026-06-11 12:44:48 [INFO]: trying to fill text-vedulajagadeesh1994@gmail.com in element using locator - locator('//input[@data-qa="login-email"]')
2026-06-11 12:44:48 [INFO]: entered text-vedulajagadeesh1994@gmail.com successfully using locator locator('//input[@data-qa="login-email"]')
2026-06-11 12:44:48 [INFO]: trying to fill text-vedulajagadeesh1994@gmail.com in element using locator - locator('//input[@data-qa="login-email"]')
2026-06-11 12:44:48 [INFO]: entered text-vedulajagadeesh1994@gmail.com successfully using locator locator('//input[@data-qa="login-email"]')
2026-06-11 12:44:48 [INFO]: trying to fill password-******** in element using locator - locator('//input[@type="password"]')
2026-06-11 12:44:48 [INFO]: entered text-******** successfully using locator locator('//input[@type="password"]')
2026-06-11 12:44:48 [INFO]: trying to fill password-******** in element using locator - locator('//input[@type="password"]')
2026-06-11 12:44:49 [INFO]: entered text-******** successfully using locator locator('//input[@type="password"]')
2026-06-11 12:44:49 [INFO]: trying to click element using locator - locator('//button[@data-qa="login-button"]')
2026-06-11 12:44:50 [INFO]: clicked successfully using locator locator('//button[@data-qa="login-button"]')
2026-06-11 12:44:50 [INFO]: waiting for element using locator - locator('//a[@href="/logout"]')
2026-06-11 12:44:50 [INFO]: element found with locator - locator('//a[@href="/logout"]')
2026-06-11 12:44:50 [INFO]: waiting for element using locator - locator('//a[@href="/products"]')
2026-06-11 12:44:50 [INFO]: element found with locator - locator('//a[@href="/products"]')
2026-06-11 12:44:50 [INFO]: trying to click element using locator - locator('//a[@href="/products"]')
2026-06-11 12:44:51 [INFO]: clicked successfully using locator locator('//a[@href="/products"]')
2026-06-11 12:44:51 [INFO]: hovering on element using locator - locator('xpath=(//p[text()="Stylish Dress"]/parent::div)[1]/a')
2026-06-11 12:44:51 [INFO]: successfully hovered on element using locator - locator('xpath=(//p[text()="Stylish Dress"]/parent::div)[1]/a')
2026-06-11 12:44:51 [INFO]: trying to click element using locator - locator('xpath=(//p[text()="Stylish Dress"]/parent::div)[1]/a')
2026-06-11 12:44:51 [INFO]: clicked successfully using locator locator('xpath=(//p[text()="Stylish Dress"]/parent::div)[1]/a')
2026-06-11 12:44:51 [INFO]: trying to click element using locator - locator('//button[text()="Continue Shopping"]')
2026-06-11 12:44:52 [INFO]: clicked successfully using locator locator('//button[text()="Continue Shopping"]')
2026-06-11 12:44:52 [INFO]: hovering on element using locator - locator('xpath=(//p[text()="Winter Top"]/parent::div)[1]/a')
2026-06-11 12:44:53 [INFO]: successfully hovered on element using locator - locator('xpath=(//p[text()="Winter Top"]/parent::div)[1]/a')
2026-06-11 12:44:53 [INFO]: trying to click element using locator - locator('xpath=(//p[text()="Winter Top"]/parent::div)[1]/a')
2026-06-11 12:44:54 [INFO]: clicked successfully using locator locator('xpath=(//p[text()="Winter Top"]/parent::div)[1]/a')
2026-06-11 12:44:54 [INFO]: trying to click element using locator - locator('//button[text()="Continue Shopping"]')
2026-06-11 12:44:55 [INFO]: clicked successfully using locator locator('//button[text()="Continue Shopping"]')
2026-06-11 12:44:55 [INFO]: trying to click element using locator - locator('xpath=(//a[@href="/view_cart"])[1]')
2026-06-11 12:44:55 [INFO]: clicked successfully using locator locator('xpath=(//a[@href="/view_cart"])[1]')
2026-06-11 12:44:55 [INFO]: getting all inner texts from all the elements found from locator - locator('//table//tbody/tr/td[@class="cart_description"]//a')
2026-06-11 12:44:55 [INFO]: trying to click element using locator - locator('//a[text()="Proceed To Checkout"]')
2026-06-11 12:44:56 [INFO]: clicked successfully using locator locator('//a[text()="Proceed To Checkout"]')
2026-06-11 12:44:56 [INFO]: trying to click element using locator - locator('//a[text()="Place Order"]')
2026-06-11 12:44:57 [INFO]: clicked successfully using locator locator('//a[text()="Place Order"]')
2026-06-11 12:44:57 [INFO]: waiting for element using locator - locator('//h2[text()="Payment"]')
2026-06-11 12:44:58 [INFO]: element found with locator - locator('//h2[text()="Payment"]')
