2026-06-12 07:01:08 [INFO]: session created successfully and navigating to /
2026-06-12 07:01:14 [INFO]: successfully navigated to /
2026-06-12 07:01:14 [INFO]: trying to click element using locator - locator('//*[text()=" Signup / Login"]')
2026-06-12 07:01:15 [INFO]: clicked successfully using locator locator('//*[text()=" Signup / Login"]')
2026-06-12 07:01:15 [INFO]: trying to fill text-vedulajagadeesh1994@gmail.com in element using locator - locator('//input[@data-qa="login-email"]')
2026-06-12 07:01:16 [INFO]: entered text-vedulajagadeesh1994@gmail.com successfully using locator locator('//input[@data-qa="login-email"]')
2026-06-12 07:01:16 [INFO]: trying to fill text-vedulajagadeesh1994@gmail.com in element using locator - locator('//input[@data-qa="login-email"]')
2026-06-12 07:01:16 [INFO]: entered text-vedulajagadeesh1994@gmail.com successfully using locator locator('//input[@data-qa="login-email"]')
2026-06-12 07:01:16 [INFO]: trying to fill password-******** in element using locator - locator('//input[@type="password"]')
2026-06-12 07:01:16 [INFO]: entered text-******** successfully using locator locator('//input[@type="password"]')
2026-06-12 07:01:16 [INFO]: trying to fill password-******** in element using locator - locator('//input[@type="password"]')
2026-06-12 07:01:16 [INFO]: entered text-******** successfully using locator locator('//input[@type="password"]')
2026-06-12 07:01:16 [INFO]: trying to click element using locator - locator('//button[@data-qa="login-button"]')
2026-06-12 07:01:17 [INFO]: clicked successfully using locator locator('//button[@data-qa="login-button"]')
2026-06-12 07:01:17 [INFO]: waiting for element using locator - locator('//a[@href="/logout"]')
2026-06-12 07:01:17 [INFO]: element found with locator - locator('//a[@href="/logout"]')
2026-06-12 07:01:17 [INFO]: trying to click element using locator - locator('//a[@href="/contact_us"]')
2026-06-12 07:01:19 [INFO]: clicked successfully using locator locator('//a[@href="/contact_us"]')
2026-06-12 07:01:19 [INFO]: trying to fill text-Jagadeesh in element using locator - locator('//input[@data-qa="name"]')
2026-06-12 07:01:19 [INFO]: entered text-Jagadeesh successfully using locator locator('//input[@data-qa="name"]')
2026-06-12 07:01:19 [INFO]: trying to fill text-Jagadeesh in element using locator - locator('//input[@data-qa="name"]')
2026-06-12 07:01:19 [INFO]: entered text-Jagadeesh successfully using locator locator('//input[@data-qa="name"]')
2026-06-12 07:01:19 [INFO]: trying to fill text-vedulajagadeesh1994@gmail.com in element using locator - locator('//input[@data-qa="email"]')
2026-06-12 07:01:19 [INFO]: entered text-vedulajagadeesh1994@gmail.com successfully using locator locator('//input[@data-qa="email"]')
2026-06-12 07:01:19 [INFO]: trying to fill text-vedulajagadeesh1994@gmail.com in element using locator - locator('//input[@data-qa="email"]')
2026-06-12 07:01:19 [INFO]: entered text-vedulajagadeesh1994@gmail.com successfully using locator locator('//input[@data-qa="email"]')
2026-06-12 07:01:19 [INFO]: trying to fill text-query in element using locator - locator('//input[@data-qa="subject"]')
2026-06-12 07:01:20 [INFO]: entered text-query successfully using locator locator('//input[@data-qa="subject"]')
2026-06-12 07:01:20 [INFO]: trying to fill text-query in element using locator - locator('//input[@data-qa="subject"]')
2026-06-12 07:01:20 [INFO]: entered text-query successfully using locator locator('//input[@data-qa="subject"]')
2026-06-12 07:01:20 [INFO]: trying to fill text-Need to connect with customer care for sorting my queries in element using locator - locator('//textarea[@data-qa="message"]')
2026-06-12 07:01:20 [INFO]: entered text-Need to connect with customer care for sorting my queries successfully using locator locator('//textarea[@data-qa="message"]')
2026-06-12 07:01:20 [INFO]: trying to fill text-Need to connect with customer care for sorting my queries in element using locator - locator('//textarea[@data-qa="message"]')
2026-06-12 07:01:20 [INFO]: entered text-Need to connect with customer care for sorting my queries successfully using locator locator('//textarea[@data-qa="message"]')
2026-06-12 07:01:20 [INFO]: uploading file - package.json
2026-06-12 07:01:20 [INFO]: package.json uploaded successfully
2026-06-12 07:01:20 [INFO]: trying to click element using locator - locator('//input[@type="submit"]')
2026-06-12 07:01:21 [INFO]: clicked successfully using locator locator('//input[@type="submit"]')
2026-06-12 07:01:21 [INFO]: waiting for element using locator - locator('xpath=(//div[text()="Success! Your details have been submitted successfully."])[1]')
2026-06-12 07:01:21 [INFO]: element found with locator - locator('xpath=(//div[text()="Success! Your details have been submitted successfully."])[1]')
