2026-06-11 12:44:46 [INFO]: session created successfully and navigating to /
2026-06-11 12:44:56 [INFO]: successfully navigated to /
2026-06-11 12:44:56 [INFO]: trying to click element using locator - locator('//*[text()=" Signup / Login"]')
2026-06-11 12:44:57 [INFO]: clicked successfully using locator locator('//*[text()=" Signup / Login"]')
2026-06-11 12:44:57 [INFO]: trying to fill text-Yuvraj in element using locator - locator('//input[@data-qa="signup-name"]')
2026-06-11 12:44:57 [INFO]: entered text-Yuvraj successfully using locator locator('//input[@data-qa="signup-name"]')
2026-06-11 12:44:57 [INFO]: trying to fill text-Yuvraj in element using locator - locator('//input[@data-qa="signup-name"]')
2026-06-11 12:44:57 [INFO]: entered text-Yuvraj successfully using locator locator('//input[@data-qa="signup-name"]')
2026-06-11 12:44:57 [INFO]: trying to fill text-Yuvraj54564@gmail.com in element using locator - locator('//input[@data-qa="signup-email"]')
2026-06-11 12:44:57 [INFO]: entered text-Yuvraj54564@gmail.com successfully using locator locator('//input[@data-qa="signup-email"]')
2026-06-11 12:44:57 [INFO]: trying to fill text-Yuvraj54564@gmail.com in element using locator - locator('//input[@data-qa="signup-email"]')
2026-06-11 12:44:57 [INFO]: entered text-Yuvraj54564@gmail.com successfully using locator locator('//input[@data-qa="signup-email"]')
2026-06-11 12:44:57 [INFO]: trying to click element using locator - locator('//button[@data-qa="signup-button"]')
2026-06-11 12:44:58 [INFO]: clicked successfully using locator locator('//button[@data-qa="signup-button"]')
2026-06-11 12:44:58 [INFO]: waiting for element using locator - locator('//b[text()="Enter Account Information"]')
2026-06-11 12:44:58 [INFO]: element found with locator - locator('//b[text()="Enter Account Information"]')
2026-06-11 12:44:58 [INFO]: trying to click element using locator - locator('//div[@id="uniform-id_gender1"]')
2026-06-11 12:44:58 [INFO]: clicked successfully using locator locator('//div[@id="uniform-id_gender1"]')
2026-06-11 12:44:58 [INFO]: trying to fill text-Yuvraj@12 in element using locator - locator('//input[@id="password"]')
2026-06-11 12:44:58 [INFO]: entered text-Yuvraj@12 successfully using locator locator('//input[@id="password"]')
2026-06-11 12:44:58 [INFO]: trying to fill text-Yuvraj@12 in element using locator - locator('//input[@id="password"]')
2026-06-11 12:44:59 [INFO]: entered text-Yuvraj@12 successfully using locator locator('//input[@id="password"]')
2026-06-11 12:44:59 [INFO]: selecting drop down option using value option from element using locator - locator('//select[@id="days"]')
2026-06-11 12:44:59 [INFO]: selected dropdown value using locator - locator('//select[@id="days"]')
2026-06-11 12:44:59 [INFO]: selecting drop down option using value option from element using locator - locator('//select[@id="months"]')
2026-06-11 12:44:59 [INFO]: selected dropdown value using locator - locator('//select[@id="months"]')
2026-06-11 12:44:59 [INFO]: selecting drop down option using value option from element using locator - locator('//select[@id="years"]')
2026-06-11 12:44:59 [INFO]: selected dropdown value using locator - locator('//select[@id="years"]')
2026-06-11 12:44:59 [INFO]: trying to fill text-Yuvi in element using locator - locator('//input[@data-qa="first_name"]')
2026-06-11 12:44:59 [INFO]: entered text-Yuvi successfully using locator locator('//input[@data-qa="first_name"]')
2026-06-11 12:44:59 [INFO]: trying to fill text-Yuvi in element using locator - locator('//input[@data-qa="first_name"]')
2026-06-11 12:44:59 [INFO]: entered text-Yuvi successfully using locator locator('//input[@data-qa="first_name"]')
2026-06-11 12:44:59 [INFO]: trying to fill text-Raj in element using locator - locator('//input[@data-qa="last_name"]')
2026-06-11 12:44:59 [INFO]: entered text-Raj successfully using locator locator('//input[@data-qa="last_name"]')
2026-06-11 12:44:59 [INFO]: trying to fill text-Raj in element using locator - locator('//input[@data-qa="last_name"]')
2026-06-11 12:45:00 [INFO]: entered text-Raj successfully using locator locator('//input[@data-qa="last_name"]')
2026-06-11 12:45:00 [INFO]: trying to fill text-Narsipatnam in element using locator - locator('//input[@id="address1"]')
2026-06-11 12:45:00 [INFO]: entered text-Narsipatnam successfully using locator locator('//input[@id="address1"]')
2026-06-11 12:45:00 [INFO]: trying to fill text-Narsipatnam in element using locator - locator('//input[@id="address1"]')
2026-06-11 12:45:00 [INFO]: entered text-Narsipatnam successfully using locator locator('//input[@id="address1"]')
2026-06-11 12:45:00 [INFO]: selecting drop down option using value option from element using locator - locator('//select[@id="country"]')
2026-06-11 12:45:00 [INFO]: selected dropdown value using locator - locator('//select[@id="country"]')
2026-06-11 12:45:00 [INFO]: trying to fill text-Andhra Pradesh in element using locator - locator('//input[@id="state"]')
2026-06-11 12:45:00 [INFO]: entered text-Andhra Pradesh successfully using locator locator('//input[@id="state"]')
2026-06-11 12:45:00 [INFO]: trying to fill text-Andhra Pradesh in element using locator - locator('//input[@id="state"]')
2026-06-11 12:45:00 [INFO]: entered text-Andhra Pradesh successfully using locator locator('//input[@id="state"]')
2026-06-11 12:45:00 [INFO]: trying to fill text-Visakhapatnam in element using locator - locator('//input[@id="city"]')
2026-06-11 12:45:00 [INFO]: entered text-Visakhapatnam successfully using locator locator('//input[@id="city"]')
2026-06-11 12:45:00 [INFO]: trying to fill text-Visakhapatnam in element using locator - locator('//input[@id="city"]')
2026-06-11 12:45:00 [INFO]: entered text-Visakhapatnam successfully using locator locator('//input[@id="city"]')
2026-06-11 12:45:00 [INFO]: trying to fill text-531116 in element using locator - locator('//input[@id="zipcode"]')
2026-06-11 12:45:01 [INFO]: entered text-531116 successfully using locator locator('//input[@id="zipcode"]')
2026-06-11 12:45:01 [INFO]: trying to fill text-531116 in element using locator - locator('//input[@id="zipcode"]')
2026-06-11 12:45:01 [INFO]: entered text-531116 successfully using locator locator('//input[@id="zipcode"]')
2026-06-11 12:45:01 [INFO]: trying to fill text-118484484 in element using locator - locator('//input[@id="mobile_number"]')
2026-06-11 12:45:01 [INFO]: entered text-118484484 successfully using locator locator('//input[@id="mobile_number"]')
2026-06-11 12:45:01 [INFO]: trying to fill text-118484484 in element using locator - locator('//input[@id="mobile_number"]')
2026-06-11 12:45:01 [INFO]: entered text-118484484 successfully using locator locator('//input[@id="mobile_number"]')
2026-06-11 12:45:01 [INFO]: trying to click element using locator - locator('//button[@data-qa="create-account"]')
2026-06-11 12:45:02 [INFO]: clicked successfully using locator locator('//button[@data-qa="create-account"]')
2026-06-11 12:45:02 [INFO]: waiting for element using locator - locator('//b[text()="Account Created!"]')
2026-06-11 12:45:02 [INFO]: element found with locator - locator('//b[text()="Account Created!"]')
2026-06-11 12:45:02 [INFO]: Account created successfully with following details [object Object]
2026-06-11 12:45:02 [INFO]: trying to click element using locator - locator('//a[@data-qa="continue-button"]')
2026-06-11 12:45:03 [INFO]: clicked successfully using locator locator('//a[@data-qa="continue-button"]')
2026-06-11 12:45:03 [INFO]: waiting for element using locator - locator('//a[@href="/delete_account"]')
2026-06-11 12:45:03 [INFO]: element found with locator - locator('//a[@href="/delete_account"]')
2026-06-11 12:45:03 [INFO]: trying to click element using locator - locator('//a[@href="/delete_account"]')
2026-06-11 12:45:04 [INFO]: clicked successfully using locator locator('//a[@href="/delete_account"]')
2026-06-11 12:45:04 [WARN]: Account deleted successfully to use the test again for sign up testing
